<?xml version="1.0" encoding="UTF-8"?>
<testng-results ignored="0" total="1" passed="1" failed="0" skipped="0">
  <reporter-output>
  </reporter-output>
  <suite started-at="2023-11-09T17:21:58 IST" name="Default suite" finished-at="2023-11-09T17:21:58 IST" duration-ms="143">
    <groups>
    </groups>
    <test started-at="2023-11-09T17:21:58 IST" name="Default test" finished-at="2023-11-09T17:21:58 IST" duration-ms="143">
      <class name="TestCases.AssertFalse">
        <test-method signature="test1()[pri:0, instance:TestCases.AssertFalse@1b1426f4]" started-at="2023-11-09T17:21:58 IST" name="test1" finished-at="2023-11-09T17:21:58 IST" duration-ms="25" status="PASS">
          <reporter-output>
          </reporter-output>
        </test-method> <!-- test1 -->
      </class> <!-- TestCases.AssertFalse -->
    </test> <!-- Default test -->
  </suite> <!-- Default suite -->
</testng-results>
